{"level":"error","message":"ER_PARSE_ERROR: You have an error in your SQL syntax; check the manual that corresponds to your MariaDB server version for the right syntax to use near ')' at line 9"}
{"level":"error","message":"ER_PARSE_ERROR: You have an error in your SQL syntax; check the manual that corresponds to your MariaDB server version for the right syntax to use near ')' at line 9"}
{"level":"error","message":"invalid token","name":"JsonWebTokenError"}
{"level":"error","message":"Invalid token"}
{"level":"error","message":"invalid token","name":"JsonWebTokenError"}
{"level":"error","message":"Invalid token"}
{"level":"error","message":"invalid token","name":"JsonWebTokenError"}
{"level":"error","message":"Invalid token"}
{"level":"error","message":"invalid token","name":"JsonWebTokenError"}
{"level":"error","message":"Invalid token"}
{"level":"error","message":"invalid token","name":"JsonWebTokenError"}
{"level":"error","message":"Invalid token"}
{"level":"error","message":"invalid token","name":"JsonWebTokenError"}
{"level":"error","message":"Invalid token"}
{"level":"error","message":"invalid token","name":"JsonWebTokenError"}
{"level":"error","message":"Invalid token"}
{"level":"error","message":"invalid token","name":"JsonWebTokenError"}
{"level":"error","message":"Invalid token"}
{"level":"error","message":"invalid token","name":"JsonWebTokenError"}
{"level":"error","message":"Invalid token"}
{"level":"error","message":"invalid token","name":"JsonWebTokenError"}
{"level":"error","message":"Invalid token"}
{"level":"error","message":"invalid token","name":"JsonWebTokenError"}
{"level":"error","message":"Invalid token"}
{"level":"error","message":"invalid token","name":"JsonWebTokenError"}
{"level":"error","message":"Invalid token"}
{"level":"error","message":"invalid token","name":"JsonWebTokenError"}
{"level":"error","message":"Invalid token"}
{"level":"error","message":"invalid token","name":"JsonWebTokenError"}
{"level":"error","message":"Invalid token"}
{"level":"error","message":"invalid token","name":"JsonWebTokenError"}
{"level":"error","message":"Invalid token"}
{"level":"error","message":"invalid token","name":"JsonWebTokenError"}
{"level":"error","message":"Invalid token"}
{"level":"error","message":"invalid token","name":"JsonWebTokenError"}
{"level":"error","message":"Invalid token"}
{"level":"error","message":"invalid signature","name":"JsonWebTokenError"}
{"level":"error","message":"Invalid token"}
{"level":"error"}
{"level":"error","message":"invalid token","name":"JsonWebTokenError"}
{"level":"error","message":"Invalid token"}
{"level":"error","message":"invalid token","name":"JsonWebTokenError"}
{"level":"error","message":"Invalid token"}
{"level":"error","message":"invalid token","name":"JsonWebTokenError"}
{"level":"error","message":"Invalid token"}
{"level":"error","message":"invalid token","name":"JsonWebTokenError"}
{"level":"error","message":"Invalid token"}
{"level":"error"}
{"level":"error","message":"jwt malformed","name":"JsonWebTokenError"}
{"level":"error","message":"Invalid token"}
{"level":"error"}
{"level":"error"}
{"level":"error"}
{"level":"error"}
{"level":"error"}
{"level":"error"}
{"level":"error"}
{"level":"error","message":"Invalid token"}
{"level":"error"}
{"level":"error"}
{"level":"error"}
{"level":"error"}
{"level":"error"}
{"level":"error"}
{"level":"error"}
{"level":"error"}
{"level":"error"}
{"level":"error"}
{"level":"error"}
{"level":"error","message":"invalid token","name":"JsonWebTokenError"}
{"level":"error","message":"Invalid token"}
{"level":"error","message":"invalid token","name":"JsonWebTokenError"}
{"level":"error","message":"Invalid token"}
{"level":"error","message":"Invalid token"}
{"level":"error","message":"Invalid token"}
{"level":"error"}
{"level":"error"}
{"level":"error"}
{"level":"error"}
{"level":"error"}
{"level":"error"}
{"level":"error","message":"connect ECONNREFUSED 127.0.0.1:3306"}
{"level":"error","message":"connect ECONNREFUSED 127.0.0.1:3306"}
{"level":"error","message":"connect ECONNREFUSED 127.0.0.1:3306"}
{"level":"error","message":"connect ECONNREFUSED 127.0.0.1:3306"}
{"level":"error","message":"ER_EMPTY_QUERY: Query was empty"}
{"level":"error","message":"ER_TABLE_EXISTS_ERROR: Table 'survey' already exists"}
{"level":"error","message":"ER_TABLE_EXISTS_ERROR: Table 'survey' already exists"}
{"level":"error","message":"ER_TABLE_EXISTS_ERROR: Table 'survey' already exists"}
{"level":"error","message":"ER_TABLE_EXISTS_ERROR: Table 'survey' already exists"}
{"level":"error","message":"ER_TABLE_EXISTS_ERROR: Table 'survey' already exists"}
{"level":"error"}
{"level":"error"}
{"level":"error"}
{"level":"error","message":"ER_WRONG_VALUE_COUNT_ON_ROW: Column count doesn't match value count at row 1"}
{"level":"error","message":"ER_WRONG_VALUE_COUNT_ON_ROW: Column count doesn't match value count at row 1"}
{"level":"error","message":"ER_WRONG_VALUE_COUNT_ON_ROW: Column count doesn't match value count at row 1"}
{"level":"error","message":"ER_WRONG_VALUE_COUNT_ON_ROW: Column count doesn't match value count at row 1"}
{"level":"error","message":"ER_WRONG_VALUE_COUNT_ON_ROW: Column count doesn't match value count at row 1"}
{"level":"error","message":"ER_WRONG_VALUE_COUNT_ON_ROW: Column count doesn't match value count at row 1"}
{"level":"error","message":"ER_BAD_NULL_ERROR: Column 'token' cannot be null"}
{"level":"error","message":"ER_BAD_NULL_ERROR: Column 'surveyId' cannot be null"}
{"level":"error","message":"ER_BAD_NULL_ERROR: Column 'surveyId' cannot be null"}
{"level":"error","message":"ER_TABLE_EXISTS_ERROR: Table 'survey' already exists"}
{"level":"error"}
{"level":"error","message":"ER_BAD_NULL_ERROR: Column 'id' cannot be null"}
{"level":"error","message":"ER_BAD_NULL_ERROR: Column 'id' cannot be null"}
{"level":"error"}
{"level":"error"}
{"level":"error","message":"ER_PARSE_ERROR: You have an error in your SQL syntax; check the manual that corresponds to your MariaDB server version for the right syntax to use near '?' at line 1"}
{"level":"error","message":"ER_PARSE_ERROR: You have an error in your SQL syntax; check the manual that corresponds to your MariaDB server version for the right syntax to use near '?' at line 1"}
{"level":"error","message":"ER_PARSE_ERROR: You have an error in your SQL syntax; check the manual that corresponds to your MariaDB server version for the right syntax to use near '?' at line 1"}
{"level":"error","message":"ER_PARSE_ERROR: You have an error in your SQL syntax; check the manual that corresponds to your MariaDB server version for the right syntax to use near '?' at line 1"}
{"level":"error","message":"ER_PARSE_ERROR: You have an error in your SQL syntax; check the manual that corresponds to your MariaDB server version for the right syntax to use near '?' at line 1"}
{"level":"error","message":"ER_PARSE_ERROR: You have an error in your SQL syntax; check the manual that corresponds to your MariaDB server version for the right syntax to use near '?' at line 1"}
{"level":"error","message":"ER_NO_SUCH_TABLE: Table 'markprintdbv1.question' doesn't exist"}
{"level":"error","message":"ER_PARSE_ERROR: You have an error in your SQL syntax; check the manual that corresponds to your MariaDB server version for the right syntax to use near 'BEGIN\n                    SELECT * FROM question WHERE surveyId = '1';\n      ...' at line 3"}
{"level":"error","message":"ER_PARSE_ERROR: You have an error in your SQL syntax; check the manual that corresponds to your MariaDB server version for the right syntax to use near 'BEGIN\n                    SELECT * FROM question WHERE surveyId = '1'\n       ...' at line 3"}
{"level":"error","message":"ER_NO_SUCH_TABLE: Table 'markprintdbv1.question' doesn't exist"}
{"level":"error","message":"ER_PARSE_ERROR: You have an error in your SQL syntax; check the manual that corresponds to your MySQL server version for the right syntax to use near '(6) NOT NULL DEFAULT CURRENT_TIMESTAMP(6),\n    token VARCHAR(255) NULL UNIQUE\n)' at line 7"}
{"level":"error"}
{"level":"error"}
{"level":"error"}
{"level":"error"}
{"level":"error"}
{"level":"error"}
{"level":"error"}
{"level":"error"}
{"level":"error"}
{"level":"error"}
{"level":"error"}
{"level":"error"}
{"level":"error"}
{"level":"error"}
{"level":"error"}
{"level":"error"}
{"level":"error"}
{"level":"error"}
{"level":"error"}
{"level":"error"}
{"level":"error"}
{"level":"error"}
{"level":"error"}
{"level":"error"}
{"level":"error"}
{"level":"error"}
{"level":"error"}
{"level":"error"}
{"level":"error"}
{"level":"error"}
{"level":"error"}
{"level":"error"}
{"level":"error"}
{"level":"error"}
{"level":"error"}
{"level":"error"}
{"level":"error"}
{"level":"error"}
{"level":"error"}
{"level":"error"}
{"level":"error"}
{"level":"error"}
{"level":"error"}
{"level":"error"}
{"level":"error"}
{"level":"error"}
{"level":"error"}
{"level":"error"}
{"level":"error"}
{"level":"error"}
{"level":"error"}
{"level":"error"}
{"level":"error"}
{"level":"error"}
{"level":"error"}
{"level":"error"}
{"level":"error"}
{"level":"error"}
{"level":"error"}
{"level":"error"}
{"level":"error"}
{"level":"error"}
{"level":"error"}
{"level":"error"}
{"level":"error"}
{"level":"error"}
{"level":"error"}
{"level":"error"}
{"level":"error"}
{"level":"error"}
{"level":"error"}
{"level":"error"}
{"level":"error"}
{"level":"error"}
{"level":"error"}
{"level":"error"}
{"level":"error"}
{"level":"error"}
{"level":"error"}
{"level":"error"}
{"level":"error"}
{"level":"error"}
{"level":"error"}
{"level":"error"}
{"level":"error"}
{"level":"error"}
{"level":"error"}
{"level":"error"}
{"level":"error"}
{"level":"error"}
{"level":"error"}
{"level":"error"}
{"level":"error"}
{"level":"error"}
{"level":"error"}
{"level":"error"}
{"level":"error"}
{"level":"error"}
{"level":"error"}
{"level":"error"}
{"level":"error"}
{"level":"error"}
{"level":"error"}
{"level":"error"}
{"level":"error"}
{"level":"error"}
{"level":"error"}
{"level":"error"}
{"level":"error"}
{"level":"error"}
{"level":"error"}
{"level":"error"}
{"level":"error"}
{"level":"error"}
{"level":"error"}
{"level":"error"}
{"level":"error"}
{"level":"error"}
{"level":"error"}
{"level":"error"}
{"level":"error"}
{"level":"error"}
{"level":"error"}
{"level":"error"}
{"level":"error"}
{"level":"error"}
{"level":"error"}
{"level":"error"}
{"level":"error"}
{"level":"error"}
{"level":"error"}
{"level":"error"}
{"level":"error"}
{"level":"error"}
{"level":"error"}
{"level":"error"}
{"level":"error"}
{"level":"error"}
{"level":"error"}
{"level":"error"}
{"level":"error"}
{"level":"error"}
{"level":"error"}
{"level":"error"}
{"level":"error"}
{"level":"error"}
{"level":"error"}
{"level":"error"}
{"level":"error"}
{"level":"error"}
{"level":"error"}
{"level":"error"}
{"level":"error"}
{"level":"error"}
{"level":"error"}
{"level":"error"}
{"level":"error"}
{"level":"error"}
{"level":"error"}
{"level":"error"}
{"level":"error"}
{"level":"error"}
{"level":"error"}
{"level":"error"}
{"level":"error"}
{"level":"error"}
{"level":"error"}
{"level":"error"}
{"level":"error"}
{"level":"error"}
{"level":"error"}
{"level":"error"}
{"level":"error"}
{"level":"error"}
{"level":"error"}
{"level":"error"}
{"level":"error"}
{"level":"error"}
{"level":"error"}
{"level":"error"}
{"level":"error"}
{"level":"error"}
{"level":"error"}
{"level":"error"}
{"level":"error"}
{"level":"error"}
{"level":"error"}
{"level":"error"}
{"level":"error"}
{"level":"error"}
{"level":"error"}
{"level":"error"}
{"level":"error"}
{"level":"error"}
{"level":"error"}
{"level":"error"}
{"level":"error"}
{"level":"error"}
{"level":"error"}
{"level":"error"}
{"level":"error"}
{"level":"error"}
{"level":"error"}
{"level":"error"}
{"level":"error"}
{"level":"error"}
{"level":"error"}
{"level":"error"}
{"level":"error"}
{"level":"error"}
{"level":"error"}
{"level":"error"}
{"level":"error"}
{"level":"error"}
{"level":"error"}
{"level":"error"}
{"level":"error"}
{"level":"error"}
{"level":"error"}
{"level":"error"}
{"level":"error"}
{"level":"error"}
{"level":"error"}
{"level":"error"}
{"level":"error"}
{"level":"error"}
{"level":"error"}
{"level":"error"}
{"level":"error"}
{"level":"error"}
{"level":"error"}
{"level":"error"}
{"level":"error"}
{"level":"error"}
{"level":"error"}
{"level":"error"}
{"level":"error"}
{"level":"error"}
{"level":"error"}
{"level":"error"}
{"level":"error"}
{"level":"error"}
{"level":"error"}
{"level":"error"}
{"level":"error"}
{"level":"error"}
{"level":"error"}
{"level":"error"}
{"level":"error"}
{"level":"error"}
{"level":"error"}
{"level":"error"}
{"level":"error"}
{"level":"error"}
{"level":"error"}
{"level":"error"}
{"level":"error"}
{"level":"error"}
{"level":"error"}
{"level":"error"}
{"level":"error"}
{"level":"error"}
{"level":"error"}
{"level":"error"}
{"level":"error"}
{"level":"error"}
{"level":"error"}
{"level":"error"}
{"level":"error"}
{"level":"error"}
{"level":"error"}
{"level":"error"}
{"level":"error"}
{"level":"error"}
{"level":"error"}
{"level":"error"}
{"level":"error"}
{"level":"error","message":"connect ETIMEDOUT"}
{"expiredAt":"2024-03-07T22:27:35.000Z","level":"error","message":"jwt expired","name":"TokenExpiredError"}
{"level":"error","message":"Invalid token"}
{"expiredAt":"2024-03-07T23:06:37.000Z","level":"error","message":"jwt expired","name":"TokenExpiredError"}
{"level":"error","message":"Invalid token"}
{"expiredAt":"2024-03-07T23:06:37.000Z","level":"error","message":"jwt expired","name":"TokenExpiredError"}
{"level":"error","message":"Invalid token"}
{"expiredAt":"2024-03-07T23:06:37.000Z","level":"error","message":"jwt expired","name":"TokenExpiredError"}
{"level":"error","message":"Invalid token"}
{"expiredAt":"2024-03-07T23:06:37.000Z","level":"error","message":"jwt expired","name":"TokenExpiredError"}
{"level":"error","message":"Invalid token"}
{"level":"error","message":"ER_ACCESS_DENIED_ERROR: Access denied for user 'sql11688875'@'mail.womensbank.co.zw' (using password: YES)"}
{"level":"error","message":"ER_ACCESS_DENIED_ERROR: Access denied for user 'sql11688875'@'mail.womensbank.co.zw' (using password: YES)"}
